........................................................................ [ 87%]
..........                                                               [100%]
================================ tests coverage ================================
_______________ coverage: platform darwin, python 3.11.8-final-0 _______________

Name                                  Stmts   Miss  Cover   Missing
-------------------------------------------------------------------
vartracker/__init__.py                    7      2    71%   17-19
vartracker/_version.py                    7      0   100%
vartracker/amino_acids.py                36     30    17%   20-94, 98-146, 150, 154
vartracker/analysis.py                  722    231    68%   36, 43, 50, 59, 70-71, 78, 111-112, 121, 158-160, 176, 189-234, 250-353, 365-400, 457, 462, 468, 476, 480, 486, 488, 491, 494-495, 521-526, 533-536, 554, 560, 590, 593, 597, 612, 616-625, 681, 694, 703, 708, 714, 719, 726, 728, 743, 759-760, 778, 783, 785, 787, 805, 834, 837, 843, 849, 859, 869, 889, 909, 919, 942, 947, 958-961, 1001, 1360-1361, 1433-1434, 1454-1457, 1466, 1476-1477, 1483, 1496-1501, 1504-1510, 1520-1521, 1526-1532, 1536-1560, 1565-1566, 1570-1594, 1599-1621, 1633-1634, 1644, 1650-1655, 1693
vartracker/analysis_launcher.py          72     61    15%   24, 45-136, 140-155
vartracker/annotation_processing.py     120    110     8%   10-14, 18-27, 33-42, 48-55, 68-200
vartracker/constants.py                  85     71    16%   149-176, 191-246, 260-280
vartracker/core.py                       62     10    84%   90, 95, 98-100, 113-118
vartracker/data/__init__.py               8      0   100%
vartracker/data/parse_pokay.py          141     26    82%   69-70, 110, 127-130, 155-156, 162, 168, 234, 253-276, 280
vartracker/generate.py                  121     13    89%   54, 74, 84, 99, 115, 119, 132, 143, 156, 167, 202, 205, 207
vartracker/main.py                      939    277    71%   125, 404, 410, 422, 428-433, 439, 443, 476, 479-480, 484-489, 497, 515, 521-529, 534-572, 577-605, 616, 759-760, 796-802, 806-809, 960-963, 982-984, 1041-1044, 1090, 1140-1143, 1166-1168, 1209-1211, 1450-1453, 1467, 1500-1504, 1506-1507, 1528, 1543-1544, 1548-1549, 1560-1561, 1566-1571, 1588, 1592, 1608, 1612, 1617-1625, 1643-1666, 1719, 1721, 1731-1749, 1830-1834, 1851-1855, 1861-1862, 1867, 1888, 1906-1911, 1922, 1939-1952, 1972-1976, 1993-1997, 2001-2002, 2007, 2030, 2048-2053, 2064, 2081-2094, 2104, 2115, 2117, 2127, 2141, 2146-2150, 2170-2179, 2183-2227, 2254-2260, 2289, 2299-2304, 2366, 2438
vartracker/plotting.py                  297     54    82%   29-37, 43, 46, 52, 58, 62, 69, 71, 76-77, 85, 87, 97, 117, 120, 122, 163, 225, 241, 246, 251, 281, 318, 320, 334, 369-389, 407, 436, 456-457, 564, 572, 608, 626-627, 650
vartracker/provenance.py                166     52    69%   45, 63-73, 77-87, 97-115, 127-128, 140, 158, 169-170, 173, 185-186, 245, 272-273, 280, 282, 307
vartracker/reference_prepare.py         308     44    86%   82, 93, 104, 106, 114, 121-146, 155, 162-164, 170, 182-183, 204, 212, 218, 294, 353, 357, 364, 368, 376, 406, 414, 460, 486, 498, 517, 548, 591, 596, 601, 609-610
vartracker/schemas.py                    60      7    88%   270-298, 303
vartracker/vcf_processing.py            337    308     9%   23-25, 33-112, 124, 136-140, 146-152, 180-353, 366-394, 409-484, 498-639, 658-706, 759-766
-------------------------------------------------------------------
TOTAL                                  3488   1296    63%
Coverage XML written to file coverage.xml
82 passed in 42.73s
